<?xml version="1.0" encoding="utf-8"?><testsuites><testsuite name="pytest" errors="0" failures="0" skipped="0" tests="3" time="65.739" timestamp="2021-09-13T12:58:52.548276" hostname="computer"><testcase classname="helm.flux-app.tests.abs.test_basic_cluster" name="test_api_working" time="0.070" /><testcase classname="helm.flux-app.tests.abs.test_basic_cluster" name="test_cluster_info" time="0.002" /><testcase classname="helm.flux-app.tests.abs.test_basic_cluster" name="test_pods_available" time="65.585" /></testsuite></testsuites>